<?xml version="1.0" encoding="UTF-8" ?>
<testsuites>
 <testsuite name="mapsui homepage" timestamp="2015-10-30T17:41:41" hostname="localhost" time="10.49" errors="0" tests="4" skipped="0" disabled="0" failures="0">
  <testcase classname="mapsui homepage" name="AC2.1-1: The functionality screen must display the standard gov.uk black banner and MAPS UI label" time="1.468" />
  <testcase classname="mapsui homepage" name="AC2.1-2: The screen must display a welcome message" time="0.836" />
  <testcase classname="mapsui homepage" name="AC2.1-5: The screen must display a label titled &apos;Health Professional&apos;s Current Allocations&apos;" time="0.81" />
  <testcase classname="mapsui homepage" name="AC3.4-2: When a valid entry has been input into the Claimant Search bar and the search is successful, the table columns must be populated with data pulled from MAPS" time="5.216" />
 </testsuite>
</testsuites>